<?xml version="1.0" encoding="UTF-8"?>
<!-- Generated by org.testng.reporters.JUnitXMLReporter -->
<testsuite ignored="0" hostname="LAPTOP-TNE83D6K" failures="0" tests="4" name="Test" time="12.381" errors="0" timestamp="2025-02-19T00:33:23 IST">
  <testcase classname="testscript.LoginTest" name="verifyWheatherTheUserIsAbleToNavigateToTheHomePageafterEnterCorrectUserNameANDPassword" time="1.555"/>
  <testcase classname="testscript.LoginTest" name="verifyWhetherUserShouldNotAbleToLoginWithInvalidUserNameAndValidPassword" time="0.469"/>
  <testcase classname="testscript.LoginTest" name="verifyWhetherUserShouldNotAbleToLoginWithValidUserNameAndInvalidPassword" time="0.514"/>
  <testcase classname="testscript.LoginTest" name="verifyWhetherUserShouldNotAbleToLoginWithInvalidUserNameAndInvalidPassword" time="0.425"/>
</testsuite> <!-- Test -->
