<?xml version="1.0" encoding="UTF-8"?>
<!-- Generated by org.testng.reporters.JUnitXMLReporter -->
<testsuite ignored="0" hostname="LAPTOP-TNE83D6K" failures="1" tests="1" name="Test" time="7.13" errors="0" timestamp="2025-02-17T22:32:25 IST">
  <testcase classname="testscript.CategoryTest" name="verifyWheathertheUserCanCreateACategory" time="2.16">
    <failure type="java.lang.Error" message="Unresolved compilation problems: 
	Faker cannot be resolved to a type
	Faker cannot be resolved to a type
">
      <![CDATA[java.lang.Error: Unresolved compilation problems: 
Faker cannot be resolved to a type
Faker cannot be resolved to a type

at utilities.RandomUtility.createCategoryName(RandomUtility.java:29)
at pages.CategoryPage.enterCategoryName(CategoryPage.java:51)
at testscript.CategoryTest.verifyWheathertheUserCanCreateACategory(CategoryTest.java:25)
at java.base/java.util.ArrayList.forEach(ArrayList.java:1596)
... Removed 25 stack frames]]>
    </failure>
  </testcase> <!-- verifyWheathertheUserCanCreateACategory -->
</testsuite> <!-- Test -->
