<?xml version="1.0" encoding="UTF-8"?>
<testng-results ignored="0" total="2" passed="2" failed="0" skipped="0">
  <reporter-output>
  </reporter-output>
  <suite started-at="2025-01-30T05:33:42 IST" name="Default suite" finished-at="2025-01-30T05:36:17 IST" duration-ms="155014">
    <groups>
    </groups>
    <test started-at="2025-01-30T05:33:42 IST" name="Default test" finished-at="2025-01-30T05:36:17 IST" duration-ms="155014">
      <class name="testscript.Assertion">
        <test-method is-config="true" signature="initialiseBrowser()[pri:0, instance:testscript.Assertion@42a48628]" started-at="2025-01-30T05:33:42 IST" name="initialiseBrowser" finished-at="2025-01-30T05:36:12 IST" duration-ms="149781" status="PASS">
          <reporter-output>
          </reporter-output>
        </test-method> <!-- initialiseBrowser -->
        <test-method signature="backGroundColor()[pri:0, instance:testscript.Assertion@42a48628]" started-at="2025-01-30T05:36:12 IST" name="backGroundColor" description="verifyTheBackgroundColorOfShowmessageButton" finished-at="2025-01-30T05:36:12 IST" duration-ms="140" status="PASS">
          <reporter-output>
          </reporter-output>
        </test-method> <!-- backGroundColor -->
        <test-method is-config="true" signature="browserQuit()[pri:0, instance:testscript.Assertion@42a48628]" started-at="2025-01-30T05:36:12 IST" name="browserQuit" finished-at="2025-01-30T05:36:13 IST" duration-ms="250" status="PASS">
          <reporter-output>
          </reporter-output>
        </test-method> <!-- browserQuit -->
        <test-method is-config="true" signature="initialiseBrowser()[pri:0, instance:testscript.Assertion@42a48628]" started-at="2025-01-30T05:36:13 IST" name="initialiseBrowser" finished-at="2025-01-30T05:36:17 IST" duration-ms="4524" status="PASS">
          <reporter-output>
          </reporter-output>
        </test-method> <!-- initialiseBrowser -->
        <test-method signature="verifyWheatherTheShowMessageButtonISAvailableInTheHomePage()[pri:0, instance:testscript.Assertion@42a48628]" started-at="2025-01-30T05:36:17 IST" name="verifyWheatherTheShowMessageButtonISAvailableInTheHomePage" finished-at="2025-01-30T05:36:17 IST" duration-ms="72" status="PASS">
          <reporter-output>
          </reporter-output>
        </test-method> <!-- verifyWheatherTheShowMessageButtonISAvailableInTheHomePage -->
        <test-method is-config="true" signature="browserQuit()[pri:0, instance:testscript.Assertion@42a48628]" started-at="2025-01-30T05:36:17 IST" name="browserQuit" finished-at="2025-01-30T05:36:17 IST" duration-ms="189" status="PASS">
          <reporter-output>
          </reporter-output>
        </test-method> <!-- browserQuit -->
      </class> <!-- testscript.Assertion -->
    </test> <!-- Default test -->
  </suite> <!-- Default suite -->
</testng-results>
