<?xml version="1.0" encoding="UTF-8"?>
<testng-results ignored="0" total="1" passed="1" failed="0" skipped="0">
  <reporter-output>
  </reporter-output>
  <suite started-at="2025-02-03T23:34:41 IST" name="Default suite" finished-at="2025-02-03T23:34:48 IST" duration-ms="6823">
    <groups>
    </groups>
    <test started-at="2025-02-03T23:34:41 IST" name="Default test" finished-at="2025-02-03T23:34:48 IST" duration-ms="6823">
      <class name="testscript.Assertion">
        <test-method is-config="true" signature="initialiseBrowser()[pri:0, instance:testscript.Assertion@3349e9bb]" started-at="2025-02-03T23:34:41 IST" name="initialiseBrowser" finished-at="2025-02-03T23:34:47 IST" duration-ms="5928" status="PASS">
          <reporter-output>
          </reporter-output>
        </test-method> <!-- initialiseBrowser -->
        <test-method signature="verifyUserIsAbleToSelectMaleOption()[pri:0, instance:testscript.Assertion@3349e9bb]" started-at="2025-02-03T23:34:47 IST" name="verifyUserIsAbleToSelectMaleOption" description="Verify user is able to click on the male radio button" finished-at="2025-02-03T23:34:48 IST" duration-ms="610" status="PASS">
          <reporter-output>
          </reporter-output>
        </test-method> <!-- verifyUserIsAbleToSelectMaleOption -->
        <test-method is-config="true" signature="browserQuit()[pri:0, instance:testscript.Assertion@3349e9bb]" started-at="2025-02-03T23:34:48 IST" name="browserQuit" finished-at="2025-02-03T23:34:48 IST" duration-ms="237" status="PASS">
          <reporter-output>
          </reporter-output>
        </test-method> <!-- browserQuit -->
      </class> <!-- testscript.Assertion -->
    </test> <!-- Default test -->
  </suite> <!-- Default suite -->
</testng-results>
