<?xml version="1.0" encoding="UTF-8"?>
<!-- Generated by org.testng.reporters.JUnitXMLReporter -->
<testsuite ignored="4" hostname="LAPTOP-TNE83D6K" failures="0" tests="1" name="Default test" time="6.823" errors="0" timestamp="2025-02-03T23:34:48 IST">
  <testcase classname="testscript.Assertion" name="verifyUserIsAbleToSelectMaleOption" time="0.61"/>
  <testcase classname="testscript.Assertion" name="softAssert" time="0.0">
    <ignored/>
  </testcase> <!-- softAssert -->
  <testcase classname="testscript.Assertion" name="verifySingleInputField" time="0.0">
    <ignored/>
  </testcase> <!-- verifySingleInputField -->
  <testcase classname="testscript.Assertion" name="backGroundColor" time="0.0">
    <ignored/>
  </testcase> <!-- backGroundColor -->
  <testcase classname="testscript.Assertion" name="verifyWheatherTheShowMessageButtonISAvailableInTheHomePage" time="0.0">
    <ignored/>
  </testcase> <!-- verifyWheatherTheShowMessageButtonISAvailableInTheHomePage -->
</testsuite> <!-- Default test -->
